365 tests OK.
11 tests failed:
    test_asyncio test_cmd_line_script test_ftplib test_httplib
    test_imaplib test_import test_mmap test_pkgutil test_socket
    test_ssl test_zipimport
23 tests skipped:
    test_dbm_gnu test_dtrace test_gdb test_idle test_kqueue
    test_msilib test_ossaudiodev test_smtpnet test_socketserver
    test_startfile test_tcl test_timeout test_tix test_tk
    test_ttk_guionly test_ttk_textonly test_turtle test_urllib2net
    test_urllibnet test_winreg test_winsound test_xmlrpc_net
    test_zipfile64
Tests result: FAILURE
gmake: *** [Makefile:1062: test] Error 2
